c:\users\mikerah\documents\github\offline\offline\offline\x64\debug\vc141.pdb
c:\users\mikerah\documents\github\offline\offline\offline\x64\debug\utils.obj
c:\users\mikerah\documents\github\offline\offline\offline\x64\debug\offline.obj
c:\users\mikerah\documents\github\offline\offline\offline\x64\debug\main.obj
c:\users\mikerah\documents\github\offline\offline\offline\x64\debug\moc_offline.obj
c:\users\mikerah\documents\github\offline\offline\offline\x64\debug\moc_disablenetworkadaptersthread.obj
c:\users\mikerah\documents\github\offline\offline\offline\x64\debug\disablenetworkadaptersthread.obj
c:\users\mikerah\documents\github\offline\offline\offline\x64\debug\qrc_offline.obj
c:\users\mikerah\documents\github\offline\offline\offline\generatedfiles\ui_offline.h
c:\users\mikerah\documents\github\offline\offline\offline\generatedfiles\debug\moc_disablenetworkadaptersthread.cpp
c:\users\mikerah\documents\github\offline\offline\offline\generatedfiles\qrc_offline.cpp
c:\users\mikerah\documents\github\offline\offline\offline\generatedfiles\debug\moc_offline.cpp
c:\users\mikerah\documents\github\offline\offline\x64\debug\offline.ilk
c:\users\mikerah\documents\github\offline\offline\x64\debug\offline.exe
c:\users\mikerah\documents\github\offline\offline\x64\debug\offline.pdb
c:\users\mikerah\documents\github\offline\offline\offline\x64\debug\vcpkg.applocal.log
c:\users\mikerah\documents\github\offline\offline\offline\x64\debug\offline.tlog\cl.command.1.tlog
c:\users\mikerah\documents\github\offline\offline\offline\x64\debug\offline.tlog\cl.read.1.tlog
c:\users\mikerah\documents\github\offline\offline\offline\x64\debug\offline.tlog\cl.write.1.tlog
c:\users\mikerah\documents\github\offline\offline\offline\x64\debug\offline.tlog\custombuild.command.1.tlog
c:\users\mikerah\documents\github\offline\offline\offline\x64\debug\offline.tlog\custombuild.read.1.tlog
c:\users\mikerah\documents\github\offline\offline\offline\x64\debug\offline.tlog\custombuild.write.1.tlog
c:\users\mikerah\documents\github\offline\offline\offline\x64\debug\offline.tlog\link.command.1.tlog
c:\users\mikerah\documents\github\offline\offline\offline\x64\debug\offline.tlog\link.read.1.tlog
c:\users\mikerah\documents\github\offline\offline\offline\x64\debug\offline.tlog\link.write.1.tlog
c:\users\mikerah\documents\github\offline\offline\offline\x64\debug\offline.tlog\offline.write.1u.tlog
